/Users/terrace/Library/Python/3.9/lib/python/site-packages/optuna/_experimental.py:33: ExperimentalWarning: Argument ``multivariate`` is an experimental feature. The interface can change in the future.
  optuna_warn(
Aeolia History Engine Optimizer (Optuna TPE)
  Trials       : 500
  Seeds        : [17, 42, 97, 137, 256]
  Params       : 33
  Variance λ   : 0.3
  Results dir  : /Users/terrace/Labs/Aeolia/aeolia-godot/optimization/results

Loading worlds...
  seed=17 [godot]: 42 archs, 151 edges
  seed=42 [godot]: 42 archs, 150 edges
  seed=97 [godot]: 42 archs, 142 edges
  seed=137 [godot]: 42 archs, 151 edges
  seed=256 [godot]: 42 archs, 143 edges

Evaluating default params (baseline)...
  Baseline total=27.9498  mean=27.2992  std=2.1689
  Components: lattice_density=0.016  reach_spread=0.395  lattice_latitude=0.740  reach_latitude=0.683  lattice_shelf=0.064  civ_gap=0.898  peak_asymmetry=0.000  edge_topology=0.027  climate_crop=0.337  yield_asymmetry=0.001  industrial_convergence=0.000  nav_weapons_coupling=0.000  security_dilemma=0.000  nuclear_emergence=0.000  pu_gate=5.600  supply_chain=0.000  cu_tech_lead=0.000  au_priority=4.000  serial_horizon=4.000  maritime_asymmetry=0.372  colonial_extraction=1.740  nuclear_convergence=6.128  df_timing=0.196  sov_ordering=0.007  sov_recovery=0.000  pop_ratio=2.000  pop_inequality=0.014  epi_correlation=0.081

Trial     Total      Mean      Std      Best
-------------------------------------------------------
    1   32.5667   31.8613   2.3515   32.5667 *
    2   31.3311   30.7112   2.0663   31.3311 *
    3   32.7288   32.2023   1.7548   31.3311
    4   30.1564   29.8659   0.9685   30.1564 *
    5   31.1736   30.5271   2.1549   30.1564
    6   27.8990   27.3511   1.8264   27.8990 *
    7   28.2915   27.7684   1.7437   27.8990
    8   32.6031   31.8786   2.4150   27.8990
    9   28.0737   27.4767   1.9902   27.8990
   10   27.8873   27.2052   2.2737   27.8873 *
   11   31.2520   30.7376   1.7146   27.8873
   12   31.3876   30.8097   1.9262   27.8873
   13   27.2257   26.7262   1.6647   27.2257 *
   14   32.5711   31.8741   2.3230   27.2257
   15   28.9913   28.6341   1.1906   27.2257
   16   28.6804   28.3245   1.1861   27.2257
   17   26.9933   26.4968   1.6549   26.9933 *
   18   28.3685   27.8033   1.8838   26.9933
   19   29.6639   29.2923   1.2386   26.9933
   20   32.3642   31.6731   2.3037   26.9933
   21   27.5159   27.1258   1.3004   26.9933
   22   26.8438   26.3034   1.8015   26.8438 *
   23   26.8507   26.2731   1.9254   26.8438
   24   28.0317   27.5095   1.7408   26.8438
   25   26.3484   25.8756   1.5759   26.3484 *
   26   27.2225   26.7457   1.5894   26.3484
   27   25.6796   25.1453   1.7812   25.6796 *
   28   30.7903   30.2714   1.7294   25.6796
   29   26.3880   25.9117   1.5875   25.6796
   30   26.5471   25.9297   2.0579   25.6796
   31   26.0599   25.5986   1.5377   25.6796
   32   26.7158   26.2456   1.5671   25.6796
   33   27.5664   26.9196   2.1562   25.6796
   34   30.5776   30.0719   1.6854   25.6796
   35   26.5130   26.0934   1.3988   25.6796
   36   27.7949   27.1866   2.0277   25.6796
   37   26.2997   25.8310   1.5624   25.6796
   38   30.9761   30.3912   1.9495   25.6796
   39   26.5111   26.0009   1.7007   25.6796
   40   27.2613   26.7048   1.8549   25.6796
   41   26.4384   25.9440   1.6482   25.6796
   42   27.9681   27.3210   2.1568   25.6796
   43   26.4211   26.0091   1.3731   25.6796
   44   25.7131   25.1802   1.7765   25.6796
   45   31.0108   30.4082   2.0086   25.6796
   46   30.2706   29.7230   1.8250   25.6796
   47   26.7831   26.3775   1.3518   25.6796
   48   30.7126   30.2472   1.5514   25.6796
   49   27.4648   26.9028   1.8733   25.6796
   50   30.9028   30.3530   1.8325   25.6796
   51   26.0181   25.5377   1.6013   25.6796
   52   27.1139   26.7813   1.1089   25.6796
   53   27.2829   26.7222   1.8692   25.6796
   54   26.9684   26.5601   1.3610   25.6796
   55   26.6255   25.9837   2.1394   25.6796
   56   26.4431   25.9469   1.6538   25.6796
   57   26.0221   25.5375   1.6153   25.6796
   58   26.5423   26.0742   1.5604   25.6796
   59   26.6053   26.0211   1.9472   25.6796
   60   26.8637   26.3572   1.6885   25.6796
   61   27.6254   27.0208   2.0155   25.6796
   62   26.3123   25.8141   1.6607   25.6796
   63   30.5409   30.0369   1.6799   25.6796
   64   27.4364   26.8523   1.9469   25.6796
   65   26.1383   25.6748   1.5449   25.6796
   66   26.1894   25.7465   1.4761   25.6796
   67   26.8124   26.4458   1.2221   25.6796
   68   31.7178   31.1664   1.8380   25.6796
   69   30.8142   30.3385   1.5857   25.6796
   70   28.0882   27.5023   1.9528   25.6796
   71   27.0682   26.6373   1.4361   25.6796
   72   26.9562   26.6044   1.1727   25.6796
   73   25.8236   25.3116   1.7065   25.6796
   74   30.4196   29.9147   1.6833   25.6796
   75   31.7732   31.3362   1.4566   25.6796
   76   30.8332   30.3617   1.5718   25.6796
   77   26.3782   25.8721   1.6871   25.6796
   78   27.4318   27.0080   1.4127   25.6796
   79   32.2929   31.6576   2.1176   25.6796
   80   26.5126   26.0008   1.7062   25.6796
   81   26.4635   26.0106   1.5095   25.6796
   82   30.9877   30.4096   1.9273   25.6796
   83   26.3320   25.9214   1.3686   25.6796
   84   27.5387   27.0835   1.5174   25.6796
   85   26.1781   25.7623   1.3860   25.6796
   86   25.6460   25.0901   1.8529   25.6460 *
   87   30.0731   29.5090   1.8802   25.6460
   88   25.9285   25.4345   1.6468   25.6460
   89   27.2563   26.7836   1.5757   25.6460
   90   32.3528   31.6407   2.3735   25.6460
   91   26.1711   25.6698   1.6711   25.6460
   92   26.5728   26.1505   1.4075   25.6460
   93   26.3522   25.8734   1.5960   25.6460
   94   30.4505   29.9523   1.6608   25.6460
   95   30.1585   29.6036   1.8497   25.6460
   96   26.3632   25.8322   1.7701   25.6460
   97   27.6103   26.9523   2.1935   25.6460
   98   27.6781   27.0074   2.2358   25.6460
   99   27.1908   26.7359   1.5164   25.6460
  100   25.8061   25.2875   1.7288   25.6460
  101   26.2040   25.6866   1.7246   25.6460
  102   31.8558   31.2577   1.9938   25.6460
  103   25.6894   25.1631   1.7544   25.6460
  104   27.2034   26.6616   1.8061   25.6460
  105   27.9274   27.2582   2.2308   25.6460
  106   26.0134   25.5654   1.4934   25.6460
  107   26.0827   25.6501   1.4421   25.6460
  108   26.0587   25.5718   1.6231   25.6460
  109   26.6131   26.0251   1.9600   25.6460
  110   26.0788   25.6163   1.5417   25.6460
  111   26.6970   26.2776   1.3980   25.6460
  112   27.7040   27.0368   2.2242   25.6460
  113   30.5549   30.0690   1.6198   25.6460
  114   26.2881   25.9090   1.2638   25.6460
  115   26.0379   25.5755   1.5415   25.6460
  116   26.3100   25.7969   1.7104   25.6460
  117   30.4605   29.9781   1.6080   25.6460
  118   25.5480   25.2443   1.0123   25.5480 *
  119   32.2811   31.6242   2.1896   25.5480
  120   27.5801   27.4206   0.5316   25.5480
  121   26.6186   26.2330   1.2856   25.5480
  122   26.8164   26.3396   1.5893   25.5480
  123   25.8934   25.4041   1.6311   25.5480
  124   25.0508   24.7054   1.1514   25.0508 *
  125   26.5274   26.1982   1.0973   25.0508
  126   31.0076   30.3738   2.1125   25.0508
  127   26.4882   26.0360   1.5073   25.0508
  128   25.4794   25.1644   1.0501   25.0508
  129   26.2783   25.8628   1.3848   25.0508
  130   28.0013   27.3731   2.0939   25.0508
  131   25.1914   24.8290   1.2080   25.0508
  132   25.3551   25.0198   1.1176   25.0508
  133   26.9323   26.2743   2.1933   25.0508
  134   25.3569   25.0217   1.1175   25.0508
  135   25.4804   25.2430   0.7914   25.0508
  136   27.2136   26.7358   1.5925   25.0508
  137   26.6117   25.9668   2.1496   25.0508
  138   25.8882   25.6523   0.7864   25.0508
  139   26.8657   26.1857   2.2666   25.0508
  140   25.2592   24.9081   1.1702   25.0508
  141   29.6700   29.3008   1.2307   25.0508
  142   25.3573   25.0221   1.1173   25.0508
  143   26.6954   26.0749   2.0684   25.0508
  144   31.1234   30.4814   2.1402   25.0508
  145   25.1581   24.8411   1.0568   25.0508
  146   27.8569   27.1998   2.1902   25.0508
  147   27.0774   26.5599   1.7252   25.0508
  148   31.1271   30.4848   2.1409   25.0508
  149   24.9153   24.5146   1.3357   24.9153 *
  150   25.0886   24.6974   1.3042   24.9153
  151   25.2855   24.8658   1.3990   24.9153
  152   27.7474   27.0684   2.2634   24.9153
  153   27.2364   26.7659   1.5681   24.9153
  154   25.8265   25.3444   1.6068   24.9153
  155   29.8555   29.5091   1.1545   24.9153
  156   26.7602   26.1583   2.0061   24.9153
  157   25.1924   24.8300   1.2081   24.9153
  158   31.1443   30.5002   2.1469   24.9153
  159   25.6101   25.3450   0.8839   24.9153
  160   27.9577   27.6394   1.0609   24.9153
  161   24.7655   24.2919   1.5785   24.7655 *
  162   26.5903   26.2507   1.1320   24.7655
  163   24.8512   24.4463   1.3499   24.7655
  164   25.6050   25.3350   0.9001   24.7655
  165   24.4404   23.9148   1.7520   24.4404 *
  166   24.8252   24.3886   1.4551   24.4404
  167   24.7444   24.3054   1.4631   24.4404
  168   24.7508   24.3161   1.4492   24.4404
  169   25.0442   24.6956   1.1622   24.4404
  170   25.2055   24.9150   0.9684   24.4404
  171   24.3932   23.8476   1.8186   24.3932 *
  172   25.8798   25.3748   1.6831   24.3932
  173   24.6645   24.1866   1.5929   24.3932
  174   26.9497   26.4007   1.8298   24.3932
  175   25.1473   24.8151   1.1073   24.3932
  176   26.8777   26.3512   1.7550   24.3932
  177   32.2660   31.6039   2.2071   24.3932
  178   30.7265   30.2234   1.6769   24.3932
  179   29.3986   29.0195   1.2640   24.3932
  180   24.4275   23.8979   1.7654   24.3932
  181   26.4959   25.9877   1.6940   24.3932
  182   26.1003   25.6386   1.5392   24.3932
  183   26.0531   25.5716   1.6053   24.3932
  184   24.4775   23.9463   1.7706   24.3932
  185   26.0659   25.8413   0.7485   24.3932
  186   25.1411   24.8053   1.1192   24.3932
  187   24.6772   24.1627   1.7150   24.3932
  188   25.0082   24.6936   1.0488   24.3932
  189   25.0478   24.6745   1.2444   24.3932
  190   26.3492   25.9364   1.3760   24.3932
  191   27.1262   26.6001   1.7537   24.3932
  192   24.8418   24.4135   1.4275   24.3932
  193   26.4029   25.9203   1.6086   24.3932
  194   24.4132   23.8522   1.8702   24.3932
  195   26.4630   25.9256   1.7913   24.3932
  196   25.2840   24.9784   1.0185   24.3932
  197   25.4051   25.0998   1.0176   24.3932
  198   24.7863   24.3515   1.4493   24.3932
  199   25.0291   24.5566   1.5752   24.3932
  200   27.4784   27.2791   0.6645   24.3932
  201   26.3119   25.9001   1.3726   24.3932
  202   25.8587   25.3517   1.6900   24.3932
  203   25.8725   25.4009   1.5722   24.3932
  204   25.1583   24.8358   1.0749   24.3932
  205   25.6892   25.1682   1.7366   24.3932
  206   26.3617   25.8583   1.6780   24.3932
  207   24.9472   24.5914   1.1861   24.3932
  208   26.8734   26.5080   1.2180   24.3932
  209   24.9322   24.5736   1.1951   24.3932
  210   26.6291   26.0352   1.9795   24.3932
  211   26.8454   26.4887   1.1889   24.3932
  212   26.0140   25.5682   1.4861   24.3932
  213   26.8048   26.4526   1.1740   24.3932
  214   27.7344   27.1356   1.9959   24.3932
  215   24.9904   24.5932   1.3239   24.3932
  216   25.6322   25.3417   0.9686   24.3932
  217   27.3326   26.8010   1.7721   24.3932
  218   24.6809   24.1659   1.7169   24.3932
  219   24.2788   23.6929   1.9532   24.2788 *
  220   29.4099   29.0369   1.2436   24.2788
  221   25.2723   24.9624   1.0329   24.2788
  222   26.2225   25.7556   1.5564   24.2788
  223   30.2208   29.7045   1.7212   24.2788
  224   25.1727   24.7647   1.3601   24.2788
  225   26.6197   25.9728   2.1563   24.2788
  226   26.0165   25.5474   1.5634   24.2788
  227   27.0017   26.5062   1.6516   24.2788
  228   26.3781   25.9644   1.3791   24.2788
  229   26.3291   25.8316   1.6583   24.2788
  230   29.1845   28.7162   1.5611   24.2788
  231   26.0667   25.5554   1.7046   24.2788
  232   24.6329   24.1471   1.6192   24.2788
  233   27.1957   26.6407   1.8498   24.2788
  234   25.1225   24.7770   1.1518   24.2788
  235   25.0368   24.6814   1.1849   24.2788
  236   31.6291   31.0905   1.7953   24.2788
  237   24.7008   24.1953   1.6851   24.2788
  238   24.6258   24.1224   1.6779   24.2788
  239   29.5956   29.2395   1.1871   24.2788
  240   25.1153   24.6818   1.4452   24.2788
  241   26.4933   26.0344   1.5298   24.2788
  242   25.0731   24.6752   1.3263   24.2788
  243   30.4256   29.9196   1.6867   24.2788
  244   31.1307   30.4867   2.1467   24.2788
  245   24.6434   24.1475   1.6529   24.2788
  246   26.3163   25.7753   1.8032   24.2788
  247   31.7586   31.2830   1.5853   24.2788
  248   29.6350   29.2634   1.2387   24.2788
  249   24.4750   23.9423   1.7757   24.2788
  250   30.6147   30.1017   1.7102   24.2788
  251   24.3845   23.8532   1.7711   24.2788
  252   25.9106   25.4376   1.5766   24.2788
  253   24.3182   23.7570   1.8706   24.2788
  254   24.3854   23.8352   1.8340   24.2788
  255   26.6811   26.4950   0.6205   24.2788
  256   24.8984   24.4643   1.4472   24.2788
  257   27.5076   27.0106   1.6567   24.2788
  258   30.4183   29.9089   1.6978   24.2788
  259   29.0257   28.4955   1.7671   24.2788
  260   25.0660   24.6106   1.5178   24.2788
  261   30.0036   29.4390   1.8822   24.2788
  262   28.8559   28.3094   1.8215   24.2788
  263   25.0717   24.6198   1.5064   24.2788
  264   31.1305   30.6605   1.5667   24.2788
  265   29.3496   28.9571   1.3084   24.2788
  266   31.6085   31.0717   1.7891   24.2788
  267   24.3410   23.7848   1.8540   24.2788
  268   24.7993   24.3851   1.3805   24.2788
  269   26.4669   25.9681   1.6627   24.2788
  270   24.9411   24.5815   1.1987   24.2788
  271   25.9391   25.4323   1.6896   24.2788
  272   30.0924   29.5350   1.8582   24.2788
  273   24.6711   24.1886   1.6083   24.2788
  274   27.8448   27.1621   2.2757   24.2788
  275   24.5669   24.0440   1.7431   24.2788
  276   28.8163   28.2420   1.9143   24.2788
  277   25.2806   24.9724   1.0273   24.2788
  278   26.4924   25.9437   1.8291   24.2788
  279   27.3652   27.0331   1.1069   24.2788
  280   26.8658   26.4822   1.2787   24.2788
  281   26.0904   25.5868   1.6786   24.2788
  282   27.3926   26.8186   1.9133   24.2788
  283   24.9601   24.6193   1.1359   24.2788
  284   26.0310   25.5498   1.6042   24.2788
  285   26.0142   25.5719   1.4744   24.2788
  286   25.1417   24.7202   1.4050   24.2788
  287   25.8879   25.4166   1.5712   24.2788
  288   25.7104   25.1723   1.7937   24.2788
  289   24.7242   24.2429   1.6041   24.2788
  290   26.4306   25.9402   1.6347   24.2788
  291   26.0131   25.5435   1.5652   24.2788
  292   24.7247   24.2668   1.5262   24.2788
  293   26.2005   25.6856   1.7164   24.2788
  294   26.3099   25.8984   1.3719   24.2788
  295   25.2291   24.8509   1.2606   24.2788
  296   25.2509   24.9253   1.0853   24.2788
  297   25.3580   25.1060   0.8401   24.2788
  298   25.8586   25.3616   1.6566   24.2788
  299   30.7296   30.2087   1.7365   24.2788
  300   26.3048   25.7742   1.7687   24.2788
  301   24.9455   24.4888   1.5223   24.2788
  302   28.8382   28.2849   1.8442   24.2788
  303   25.6473   25.1009   1.8213   24.2788
  304   28.8120   28.2450   1.8899   24.2788
  305   25.1718   24.7642   1.3588   24.2788
  306   27.2827   26.7373   1.8178   24.2788
  307   24.4418   23.9182   1.7454   24.2788
  308   25.8437   25.3581   1.6189   24.2788
  309   25.7555   25.2545   1.6700   24.2788
  310   24.6723   24.1896   1.6089   24.2788
  311   24.8281   24.3281   1.6666   24.2788
  312   26.4322   25.8573   1.9166   24.2788
  313   26.0746   25.6114   1.5439   24.2788
  314   24.9284   24.5589   1.2318   24.2788
  315   24.8988   24.5166   1.2739   24.2788
  316   30.0521   29.4890   1.8772   24.2788
  317   25.6712   25.1427   1.7616   24.2788
  318   25.6260   25.3767   0.8309   24.2788
  319   24.9160   24.5196   1.3215   24.2788
  320   24.9266   24.5578   1.2292   24.2788
  321   24.4825   23.9538   1.7622   24.2788
  322   25.0524   24.6440   1.3614   24.2788
  323   24.9751   24.5311   1.4799   24.2788
  324   25.4134   25.1137   0.9990   24.2788
  325   26.0716   25.6317   1.4664   24.2788
  326   24.9408   24.5675   1.2443   24.2788
  327   27.6263   27.0982   1.7604   24.2788
  328   24.8192   24.3134   1.6859   24.2788
  329   27.5349   26.9052   2.0993   24.2788
  330   24.6165   24.1269   1.6320   24.2788
  331   25.6121   25.0665   1.8186   24.2788
  332   25.1224   24.7769   1.1517   24.2788
  333   29.4186   29.0423   1.2543   24.2788
  334   24.6944   24.2233   1.5701   24.2788
  335   26.5336   26.0657   1.5595   24.2788
  336   26.3434   25.8422   1.6706   24.2788
  337   30.0720   29.5183   1.8457   24.2788
  338   25.7399   25.2317   1.6940   24.2788
  339   26.6207   25.9784   2.1410   24.2788
  340   24.7415   24.2679   1.5787   24.2788
  341   29.2577   28.8272   1.4352   24.2788
  342   25.7223   25.1982   1.7469   24.2788
  343   25.2662   24.9468   1.0646   24.2788
  344   24.9448   24.5945   1.1679   24.2788
  345   27.6173   26.9858   2.1051   24.2788
  346   26.0039   25.5163   1.6252   24.2788
  347   24.9966   24.5640   1.4419   24.2788
  348   24.3507   23.7988   1.8396   24.2788
  349   24.9635   24.5585   1.3502   24.2788
  350   24.9009   24.4664   1.4483   24.2788
  351   26.3735   25.8370   1.7881   24.2788
  352   25.8162   25.3108   1.6845   24.2788
  353   25.8865   25.3754   1.7038   24.2788
  354   24.3562   23.7919   1.8810   24.2788
  355   24.7677   24.2743   1.6448   24.2788
  356   24.8796   24.4836   1.3197   24.2788
  357   31.4623   30.9608   1.6716   24.2788
  358   24.7342   24.2459   1.6277   24.2788
  359   25.1509   24.7851   1.2192   24.2788
  360   25.9306   25.4222   1.6948   24.2788
  361   25.9998   25.5586   1.4705   24.2788
  362   27.5311   26.9226   2.0281   24.2788
  363   25.2561   24.9356   1.0686   24.2788
  364   26.6313   26.1648   1.5549   24.2788
  365   24.9864   24.6354   1.1699   24.2788
  366   25.0356   24.6872   1.1616   24.2788
  367   24.8418   24.4128   1.4301   24.2788
  368   24.4137   23.8904   1.7443   24.2788
  369   25.0400   24.6879   1.1736   24.2788
  370   26.2998   25.8292   1.5685   24.2788
  371   24.7844   24.3617   1.4089   24.2788
  372   24.9232   24.5586   1.2153   24.2788
  373   24.4989   23.9429   1.8533   24.2788
  374   25.2341   24.9621   0.9065   24.2788
  375   25.0704   24.6698   1.3354   24.2788
  376   26.2315   25.8193   1.3739   24.2788
  377   30.0383   29.4700   1.8946   24.2788
  378   30.0300   29.4658   1.8806   24.2788
  379   29.1984   28.7444   1.5133   24.2788
  380   26.2299   25.7581   1.5727   24.2788
  381   29.1880   28.6797   1.6943   24.2788
  382   24.3838   23.8336   1.8339   24.2788
  383   26.3606   25.8799   1.6023   24.2788
  384   25.7533   25.2379   1.7178   24.2788
  385   24.9070   24.5218   1.2838   24.2788
  386   27.0939   26.5963   1.6588   24.2788
  387   29.2039   28.7443   1.5318   24.2788
  388   26.1626   25.6920   1.5686   24.2788
  389   24.7949   24.3135   1.6047   24.2788
  390   24.9865   24.5889   1.3252   24.2788
  391   24.6243   24.0831   1.8038   24.2788
  392   27.4298   26.8744   1.8512   24.2788
  393   27.2365   26.8093   1.4240   24.2788
  394   24.6641   24.1537   1.7012   24.2788
  395   25.8721   25.3826   1.6315   24.2788
  396   26.9104   26.5178   1.3089   24.2788
  397   25.0211   24.6934   1.0926   24.2788
  398   25.2704   24.9535   1.0566   24.2788
  399   27.0497   26.5428   1.6898   24.2788
  400   24.5865   24.0814   1.6837   24.2788
  401   24.2729   23.6904   1.9416   24.2729 *
  402   24.9118   24.5281   1.2789   24.2729
  403   26.8117   26.4412   1.2348   24.2729
  404   24.6441   24.1113   1.7760   24.2729
  405   25.2137   24.8689   1.1492   24.2729
  406   25.7653   25.2527   1.7086   24.2729
  407   26.7164   26.3249   1.3050   24.2729
  408   24.6016   24.0877   1.7128   24.2729
  409   24.4740   23.9410   1.7766   24.2729
  410   31.6622   31.1181   1.8135   24.2729
  411   24.5986   24.0922   1.6878   24.2729
  412   24.8692   24.4718   1.3247   24.2729
  413   26.6841   26.2181   1.5534   24.2729
  414   26.7200   26.2513   1.5624   24.2729
  415   25.8707   25.3925   1.5939   24.2729
  416   25.9219   25.4337   1.6273   24.2729
  417   24.9832   24.6306   1.1753   24.2729
  418   29.2614   28.8285   1.4430   24.2729
  419   24.4942   23.9709   1.7444   24.2729
  420   26.8114   26.3091   1.6742   24.2729
  421   25.0680   24.6663   1.3391   24.2729
  422   24.4704   23.9366   1.7794   24.2729
  423   29.4156   29.0511   1.2150   24.2729
  424   24.9567   24.5719   1.2826   24.2729
  425   26.6995   26.3128   1.2892   24.2729
  426   27.4853   26.9142   1.9039   24.2729
  427   25.2156   24.8745   1.1370   24.2729
  428   24.5179   24.0057   1.7074   24.2729
  429   29.3921   29.0064   1.2857   24.2729
  430   27.2501   26.7412   1.6962   24.2729
  431   26.7529   26.2590   1.6462   24.2729
  432   25.6688   25.1172   1.8386   24.2729
  433   24.9193   24.4934   1.4194   24.2729
  434   28.7893   28.2133   1.9203   24.2729
  435   26.6040   26.0513   1.8424   24.2729
  436   25.5385   24.9746   1.8797   24.2729
  437   25.5197   25.2930   0.7555   24.2729
  438   25.5368   24.9747   1.8738   24.2729
  439   24.4192   23.8985   1.7357   24.2729
  440   24.4596   23.9200   1.7989   24.2729
  441   25.9642   25.4612   1.6765   24.2729
  442   25.8387   25.3412   1.6583   24.2729
  443   25.2036   24.9111   0.9749   24.2729
  444   25.7420   25.2204   1.7385   24.2729
  445   30.5079   29.9998   1.6938   24.2729
  446   28.7702   28.1794   1.9693   24.2729
  447   24.3655   23.8247   1.8026   24.2729
  448   26.0238   25.5197   1.6803   24.2729
  449   26.2178   25.7130   1.6828   24.2729
  450   24.3707   23.8274   1.8112   24.2729
  451   29.2121   28.7527   1.5313   24.2729
  452   27.1170   26.5765   1.8016   24.2729
  453   24.8638   24.4708   1.3101   24.2729
  454   24.9499   24.5959   1.1799   24.2729
  455   26.3736   25.8604   1.7107   24.2729
  456   29.2559   28.8219   1.4467   24.2729
  457   24.8655   24.4465   1.3968   24.2729
  458   24.9575   24.5476   1.3663   24.2729
  459   26.6502   26.0161   2.1137   24.2729
  460   24.6199   24.1155   1.6814   24.2729
  461   30.3911   29.8790   1.7068   24.2729
  462   26.3508   25.9712   1.2654   24.2729
  463   27.4480   26.8419   2.0201   24.2729
  464   25.9472   25.4376   1.6988   24.2729
  465   30.7728   30.2499   1.7430   24.2729
  466   25.1405   24.8101   1.1015   24.2729
  467   25.9692   25.4724   1.6560   24.2729
  468   24.3965   23.8510   1.8183   24.2729
  469   24.8446   24.3851   1.5319   24.2729
  470   24.8307   24.3632   1.5584   24.2729
  471   24.9333   24.5679   1.2181   24.2729
  472   27.0364   26.5231   1.7110   24.2729
  473   30.5788   30.0697   1.6970   24.2729
  474   26.4645   25.9677   1.6559   24.2729
  475   29.4209   29.0433   1.2588   24.2729
  476   24.4279   23.9106   1.7242   24.2729
  477   24.5052   23.9884   1.7228   24.2729
  478   24.8452   24.4476   1.3255   24.2729
  479   25.5985   25.0618   1.7891   24.2729
  480   27.0915   26.5969   1.6486   24.2729
  481   27.4053   26.8288   1.9217   24.2729
  482   25.6107   25.0510   1.8656   24.2729
  483   30.8656   30.3103   1.8510   24.2729
  484   27.5632   26.9473   2.0528   24.2729
  485   29.4521   29.1077   1.1480   24.2729
  486   24.3394   23.7824   1.8567   24.2729
  487   29.2703   28.8474   1.4099   24.2729
  488   26.2275   25.7610   1.5551   24.2729
  489   31.9333   31.3451   1.9609   24.2729
  490   24.7529   24.2728   1.6002   24.2729
  491   24.7863   24.3672   1.3973   24.2729
  492   25.1901   24.8396   1.1683   24.2729
  493   25.0313   24.6142   1.3904   24.2729
  494   29.1621   28.6755   1.6221   24.2729
  495   25.2342   24.8945   1.1322   24.2729
  496   26.9695   26.4721   1.6580   24.2729
  497   24.3449   23.7901   1.8493   24.2729
  498   28.8809   28.3462   1.7826   24.2729
  499   25.6075   25.0472   1.8677   24.2729
  500   25.5914   25.0343   1.8571   24.2729

Completed 500 trials in 6.1s (0.0s/trial)
Best total loss: 24.2729  (baseline: 27.9498, improvement: 3.6769)

Saved: /Users/terrace/Labs/Aeolia/aeolia-godot/optimization/results/best_params.json
Saved: /Users/terrace/Labs/Aeolia/aeolia-godot/optimization/results/loss_breakdown.json
Saved: /Users/terrace/Labs/Aeolia/aeolia-godot/optimization/results/convergence.json
Saved: /Users/terrace/Labs/Aeolia/aeolia-godot/optimization/results/convergence_summary.txt

Aeolia History Engine — Optimization Results
============================================================
Backend        : Optuna TPE (multivariate, n_startup=20)
Trials         : 500
Seeds          : [17, 42, 97, 137, 256]
Parameters     : 33
Variance λ     : 0.3
Total time     : 6.1s  (0.0s/trial)

Baseline (default params):
  total=27.9498  mean=27.2992  std=2.1689
  lattice_density=0.0161  reach_spread=0.3947  lattice_latitude=0.7404  reach_latitude=0.6831  lattice_shelf=0.0639  civ_gap=0.8981  peak_asymmetry=0.0000  edge_topology=0.0268  climate_crop=0.3370  yield_asymmetry=0.0008  industrial_convergence=0.0000  nav_weapons_coupling=0.0000  security_dilemma=0.0000  nuclear_emergence=0.0000  pu_gate=5.6000  supply_chain=0.0000  cu_tech_lead=0.0000  au_priority=4.0000  serial_horizon=4.0000  maritime_asymmetry=0.3715  colonial_extraction=1.7400  nuclear_convergence=6.1280  df_timing=0.1960  sov_ordering=0.0074  sov_recovery=0.0000  pop_ratio=2.0000  pop_inequality=0.0143  epi_correlation=0.0810

Best (trial #401):
  total=24.2729  mean=23.6904  std=1.9416
  lattice_density=0.0161  reach_spread=0.3947  lattice_latitude=0.7404  reach_latitude=0.6831  lattice_shelf=0.0639  civ_gap=0.8981  peak_asymmetry=0.0000  edge_topology=0.0268  climate_crop=0.3370  yield_asymmetry=0.0008  industrial_convergence=0.0000  nav_weapons_coupling=0.0000  security_dilemma=0.0000  nuclear_emergence=0.0000  pu_gate=7.2000  supply_chain=0.0000  cu_tech_lead=0.0160  au_priority=3.0983  serial_horizon=4.0000  maritime_asymmetry=0.4604  colonial_extraction=1.4670  nuclear_convergence=2.0000  df_timing=0.1960  sov_ordering=0.0004  sov_recovery=0.0000  pop_ratio=2.0000  pop_inequality=0.0103  epi_correlation=0.0810
  Improvement vs baseline: 3.6769

Per-seed losses (best params):
  seed=17: total=21.2239  lattice_density=0.0299  reach_spread=0.1117  lattice_latitude=0.4959  reach_latitude=0.0000  lattice_shelf=0.0000  civ_gap=0.9470  peak_asymmetry=0.0000  edge_topology=0.0057  climate_crop=0.2145  yield_asymmetry=0.0006  industrial_convergence=0.0000  nav_weapons_coupling=0.0000  security_dilemma=0.0000  nuclear_emergence=0.0000  pu_gate=8.0000  supply_chain=0.0000  cu_tech_lead=0.0000  au_priority=2.2941  serial_horizon=4.0000  maritime_asymmetry=0.6944  colonial_extraction=1.4400  nuclear_convergence=0.0000  df_timing=0.9800  sov_ordering=0.0003  sov_recovery=0.0000  pop_ratio=2.0000  pop_inequality=0.0099  epi_correlation=0.0000
  seed=42: total=24.6712  lattice_density=0.0506  reach_spread=0.2659  lattice_latitude=0.0389  reach_latitude=1.9520  lattice_shelf=0.1479  civ_gap=0.9896  peak_asymmetry=0.0000  edge_topology=0.0580  climate_crop=0.4572  yield_asymmetry=0.0001  industrial_convergence=0.0000  nav_weapons_coupling=0.0000  security_dilemma=0.0000  nuclear_emergence=0.0000  pu_gate=8.0000  supply_chain=0.0000  cu_tech_lead=0.0000  au_priority=5.0000  serial_horizon=4.0000  maritime_asymmetry=0.2500  colonial_extraction=1.4400  nuclear_convergence=0.0000  df_timing=0.0000  sov_ordering=0.0006  sov_recovery=0.0000  pop_ratio=2.0000  pop_inequality=0.0204  epi_correlation=0.0000
  seed=97: total=24.0016  lattice_density=0.0000  reach_spread=0.3109  lattice_latitude=0.0000  reach_latitude=1.4634  lattice_shelf=0.0000  civ_gap=0.9889  peak_asymmetry=0.0000  edge_topology=0.0123  climate_crop=0.5320  yield_asymmetry=0.0033  industrial_convergence=0.0000  nav_weapons_coupling=0.0000  security_dilemma=0.0000  nuclear_emergence=0.0000  pu_gate=8.0000  supply_chain=0.0000  cu_tech_lead=0.0000  au_priority=5.0000  serial_horizon=4.0000  maritime_asymmetry=0.2500  colonial_extraction=1.4400  nuclear_convergence=0.0000  df_timing=0.0000  sov_ordering=0.0006  sov_recovery=0.0000  pop_ratio=2.0000  pop_inequality=0.0002  epi_correlation=0.0000
  seed=137: total=26.6247  lattice_density=0.0000  reach_spread=0.7632  lattice_latitude=2.8267  reach_latitude=0.0000  lattice_shelf=0.0816  civ_gap=0.5679  peak_asymmetry=0.0000  edge_topology=0.0303  climate_crop=0.2145  yield_asymmetry=0.0000  industrial_convergence=0.0000  nav_weapons_coupling=0.0000  security_dilemma=0.0000  nuclear_emergence=0.0000  pu_gate=4.0000  supply_chain=0.0000  cu_tech_lead=0.0000  au_priority=0.0000  serial_horizon=4.0000  maritime_asymmetry=0.6944  colonial_extraction=1.4400  nuclear_convergence=10.0000  df_timing=0.0000  sov_ordering=0.0003  sov_recovery=0.0000  pop_ratio=2.0000  pop_inequality=0.0058  epi_correlation=0.0000
  seed=256: total=21.9307  lattice_density=0.0000  reach_spread=0.5218  lattice_latitude=0.3406  reach_latitude=0.0000  lattice_shelf=0.0900  civ_gap=0.9972  peak_asymmetry=0.0000  edge_topology=0.0280  climate_crop=0.2667  yield_asymmetry=0.0000  industrial_convergence=0.0000  nav_weapons_coupling=0.0000  security_dilemma=0.0000  nuclear_emergence=0.0000  pu_gate=8.0000  supply_chain=0.0000  cu_tech_lead=0.0800  au_priority=3.1975  serial_horizon=4.0000  maritime_asymmetry=0.4133  colonial_extraction=1.5750  nuclear_convergence=0.0000  df_timing=0.0000  sov_ordering=0.0004  sov_recovery=0.0000  pop_ratio=2.0000  pop_inequality=0.0152  epi_correlation=0.4050

Convergence (best-so-far):
  trial   1: best_so_far=32.5667
  trial   5: best_so_far=30.1564
  trial  10: best_so_far=27.8873
  trial  20: best_so_far=26.9933
  trial  30: best_so_far=25.6796
  trial  50: best_so_far=25.6796
  trial 500: best_so_far=24.2729

Best parameter values (vs defaults):
  antiquity_base_growth                best=  0.005478  default=  0.002000  delta=+0.003478 (+39% of range) <<<
  antiquity_lattice_pop_mult           best=  1.674043  default=  2.500000  delta=-0.825957 (-33% of range) <<<
  serial_shock_base_min                best=  0.295853  default=  0.200000  delta=+0.095853 (+38% of range) <<<
  serial_shock_base_range              best=  0.266322  default=  0.250000  delta=+0.016322 (+5% of range)
  serial_trade_rate                    best=  0.000403  default=  0.000400  delta=+0.000003 (+0% of range)
  reach_serial_base_mult               best=  1.380588  default=  1.300000  delta=+0.080588 (+5% of range)
  reach_serial_log_coeff               best=  0.207112  default=  0.300000  delta=-0.092888 (-19% of range)
  lattice_serial_base_mult             best=  2.121375  default=  1.900000  delta=+0.221375 (+10% of range)
  lattice_serial_log_coeff             best=  0.067861  default=  0.120000  delta=-0.052139 (-19% of range)
  extraction_base                      best=  0.057214  default=  0.150000  delta=-0.092786 (-31% of range) <<<
  extraction_per_year                  best=  0.000007  default=  0.000100  delta=-0.000093 (-31% of range) <<<
  garrison_absorb_base                 best=  0.284555  default=  0.150000  delta=+0.134555 (+45% of range) <<<
  reach_colony_surplus                 best=  0.070126  default=  0.120000  delta=-0.049874 (-25% of range) <<<
  lattice_garrison_bonus               best=  0.237355  default=  0.150000  delta=+0.087355 (+35% of range) <<<
  lattice_trib_bonus                   best=  0.145206  default=  0.080000  delta=+0.065206 (+36% of range) <<<
  reach_ind_tech_mult                  best=  0.231147  default=  0.120000  delta=+0.111147 (+53% of range) <<<
  reach_ind_pot_mult                   best=  0.250554  default=  0.140000  delta=+0.110554 (+43% of range) <<<
  reach_ind_log_coeff                  best=  0.057656  default=  0.140000  delta=-0.082344 (-33% of range) <<<
  reach_ind_tech_growth                best=  1.378055  default=  0.900000  delta=+0.478055 (+34% of range) <<<
  lattice_ind_tech_mult                best=  0.078092  default=  0.060000  delta=+0.018092 (+14% of range)
  lattice_ind_pot_mult                 best=  0.119530  default=  0.220000  delta=-0.100470 (-33% of range) <<<
  lattice_ind_log_coeff                best=  0.178185  default=  0.100000  delta=+0.078185 (+46% of range) <<<
  lattice_ind_tech_growth              best=  0.502479  default=  0.600000  delta=-0.097521 (-9% of range)
  tech_floor_reach_ind                 best=  7.040906  default=  7.000000  delta=+0.040906 (+4% of range)
  tech_floor_lattice_ind               best=  6.922326  default=  6.500000  delta=+0.422326 (+42% of range) <<<
  reach_nuclear_pop_mult               best=  1.516182  default=  1.400000  delta=+0.116182 (+13% of range)
  lattice_nuclear_pop_mult             best=  1.402586  default=  1.350000  delta=+0.052586 (+6% of range)
  nuclear_access_colony                best=  0.593600  default=  0.700000  delta=-0.106400 (-21% of range) <<<
  nuclear_access_garrison              best=  0.396510  default=  0.500000  delta=-0.103490 (-21% of range) <<<
  nuclear_access_independent           best=  0.454221  default=  0.300000  delta=+0.154221 (+39% of range) <<<
  cu_serial_year_bonus                 best= 37.314600  default=150.000000  delta=-112.685400 (-28% of range) <<<
  au_contact_year_bonus                best=246.084831  default= 80.000000  delta=+166.084831 (+66% of range) <<<
  pu_nuclear_tech_fraction             best=  0.275847  default=  0.600000  delta=-0.324153 (-46% of range) <<<

GDScript constants (changed params, |Δ| > 5% of range):
  var antiquity_base_growth := 0.005478
  var antiquity_lattice_pop_mult := 1.674043
  var serial_shock_base_min := 0.295853
  var serial_shock_base_range := 0.266322
  var reach_serial_log_coeff := 0.207112
  var lattice_serial_base_mult := 2.121375
  var lattice_serial_log_coeff := 0.067861
  var extraction_base := 0.057214
  var extraction_per_year := 0.000007
  var garrison_absorb_base := 0.284555
  var reach_colony_surplus := 0.070126
  var lattice_garrison_bonus := 0.237355
  var lattice_trib_bonus := 0.145206
  var reach_ind_tech_mult := 0.231147
  var reach_ind_pot_mult := 0.250554
  var reach_ind_log_coeff := 0.057656
  var reach_ind_tech_growth := 1.378055
  var lattice_ind_tech_mult := 0.078092
  var lattice_ind_pot_mult := 0.119530
  var lattice_ind_log_coeff := 0.178185
  var lattice_ind_tech_growth := 0.502479
  var tech_floor_lattice_ind := 6.922326
  var reach_nuclear_pop_mult := 1.516182
  var lattice_nuclear_pop_mult := 1.402586
  var nuclear_access_colony := 0.593600
  var nuclear_access_garrison := 0.396510
  var nuclear_access_independent := 0.454221
  var cu_serial_year_bonus := 37.314600
  var au_contact_year_bonus := 246.084831
  var pu_nuclear_tech_fraction := 0.275847

