/Users/terrace/Library/Python/3.9/lib/python/site-packages/optuna/_experimental.py:33: ExperimentalWarning: Argument ``multivariate`` is an experimental feature. The interface can change in the future.
  optuna_warn(
Aeolia History Engine Optimizer (Optuna TPE)
  Trials       : 50
  Seeds        : [17, 42, 97, 137, 256]
  Params       : 33
  Variance λ   : 0.3
  Results dir  : /Users/terrace/Labs/Aeolia/aeolia-godot/optimization/results

Loading worlds...
  seed=17 [godot]: 42 archs, 151 edges
  seed=42 [godot]: 42 archs, 150 edges
  seed=97 [godot]: 42 archs, 142 edges
  seed=137 [godot]: 42 archs, 151 edges
  seed=256 [godot]: 42 archs, 143 edges

Evaluating default params (baseline)...
  Baseline total=27.9498  mean=27.2992  std=2.1689
  Components: lattice_density=0.016  reach_spread=0.395  lattice_latitude=0.740  reach_latitude=0.683  lattice_shelf=0.064  civ_gap=0.898  peak_asymmetry=0.000  edge_topology=0.027  climate_crop=0.337  yield_asymmetry=0.001  industrial_convergence=0.000  nav_weapons_coupling=0.000  security_dilemma=0.000  nuclear_emergence=0.000  pu_gate=5.600  supply_chain=0.000  cu_tech_lead=0.000  au_priority=4.000  serial_horizon=4.000  maritime_asymmetry=0.372  colonial_extraction=1.740  nuclear_convergence=6.128  df_timing=0.196  sov_ordering=0.007  sov_recovery=0.000  pop_ratio=2.000  pop_inequality=0.014  epi_correlation=0.081

Trial     Total      Mean      Std      Best
-------------------------------------------------------
    1   32.5667   31.8613   2.3515   32.5667 *
    2   31.3311   30.7112   2.0663   31.3311 *
    3   32.7288   32.2023   1.7548   31.3311
    4   30.1564   29.8659   0.9685   30.1564 *
    5   31.1736   30.5271   2.1549   30.1564
    6   27.8990   27.3511   1.8264   27.8990 *
    7   28.2915   27.7684   1.7437   27.8990
    8   32.6031   31.8786   2.4150   27.8990
    9   28.0737   27.4767   1.9902   27.8990
   10   27.8873   27.2052   2.2737   27.8873 *
   11   31.2520   30.7376   1.7146   27.8873
   12   31.3876   30.8097   1.9262   27.8873
   13   27.2257   26.7262   1.6647   27.2257 *
   14   32.5711   31.8741   2.3230   27.2257
   15   28.9913   28.6341   1.1906   27.2257
   16   28.6804   28.3245   1.1861   27.2257
   17   26.9933   26.4968   1.6549   26.9933 *
   18   28.3685   27.8033   1.8838   26.9933
   19   29.6639   29.2923   1.2386   26.9933
   20   32.3642   31.6731   2.3037   26.9933
   21   27.5159   27.1258   1.3004   26.9933
   22   26.8438   26.3034   1.8015   26.8438 *
   23   26.8507   26.2731   1.9254   26.8438
   24   28.0317   27.5095   1.7408   26.8438
   25   26.3484   25.8756   1.5759   26.3484 *
   26   27.2225   26.7457   1.5894   26.3484
   27   25.6796   25.1453   1.7812   25.6796 *
   28   30.7903   30.2714   1.7294   25.6796
   29   26.3880   25.9117   1.5875   25.6796
   30   26.5471   25.9297   2.0579   25.6796
   31   26.0599   25.5986   1.5377   25.6796
   32   26.7158   26.2456   1.5671   25.6796
   33   27.5664   26.9196   2.1562   25.6796
   34   30.5776   30.0719   1.6854   25.6796
   35   26.5130   26.0934   1.3988   25.6796
   36   27.7949   27.1866   2.0277   25.6796
   37   26.2997   25.8310   1.5624   25.6796
   38   30.9761   30.3912   1.9495   25.6796
   39   26.5111   26.0009   1.7007   25.6796
   40   27.2613   26.7048   1.8549   25.6796
   41   26.4384   25.9440   1.6482   25.6796
   42   27.9681   27.3210   2.1568   25.6796
   43   26.4211   26.0091   1.3731   25.6796
   44   25.7131   25.1802   1.7765   25.6796
   45   31.0108   30.4082   2.0086   25.6796
   46   30.2706   29.7230   1.8250   25.6796
   47   26.7831   26.3775   1.3518   25.6796
   48   30.7126   30.2472   1.5514   25.6796
   49   27.4648   26.9028   1.8733   25.6796
   50   30.9028   30.3530   1.8325   25.6796

Completed 50 trials in 0.4s (0.0s/trial)
Best total loss: 25.6796  (baseline: 27.9498, improvement: 2.2702)

Saved: /Users/terrace/Labs/Aeolia/aeolia-godot/optimization/results/best_params.json
Saved: /Users/terrace/Labs/Aeolia/aeolia-godot/optimization/results/loss_breakdown.json
Saved: /Users/terrace/Labs/Aeolia/aeolia-godot/optimization/results/convergence.json
Saved: /Users/terrace/Labs/Aeolia/aeolia-godot/optimization/results/convergence_summary.txt

Aeolia History Engine — Optimization Results
============================================================
Backend        : Optuna TPE (multivariate, n_startup=20)
Trials         : 50
Seeds          : [17, 42, 97, 137, 256]
Parameters     : 33
Variance λ     : 0.3
Total time     : 0.4s  (0.0s/trial)

Baseline (default params):
  total=27.9498  mean=27.2992  std=2.1689
  lattice_density=0.0161  reach_spread=0.3947  lattice_latitude=0.7404  reach_latitude=0.6831  lattice_shelf=0.0639  civ_gap=0.8981  peak_asymmetry=0.0000  edge_topology=0.0268  climate_crop=0.3370  yield_asymmetry=0.0008  industrial_convergence=0.0000  nav_weapons_coupling=0.0000  security_dilemma=0.0000  nuclear_emergence=0.0000  pu_gate=5.6000  supply_chain=0.0000  cu_tech_lead=0.0000  au_priority=4.0000  serial_horizon=4.0000  maritime_asymmetry=0.3715  colonial_extraction=1.7400  nuclear_convergence=6.1280  df_timing=0.1960  sov_ordering=0.0074  sov_recovery=0.0000  pop_ratio=2.0000  pop_inequality=0.0143  epi_correlation=0.0810

Best (trial #27):
  total=25.6796  mean=25.1453  std=1.7812
  lattice_density=0.0161  reach_spread=0.3947  lattice_latitude=0.7404  reach_latitude=0.6831  lattice_shelf=0.0639  civ_gap=0.8981  peak_asymmetry=0.0000  edge_topology=0.0268  climate_crop=0.3370  yield_asymmetry=0.0008  industrial_convergence=0.0000  nav_weapons_coupling=0.0000  security_dilemma=0.0000  nuclear_emergence=0.0000  pu_gate=6.4000  supply_chain=0.0000  cu_tech_lead=0.0160  au_priority=3.2341  serial_horizon=4.0000  maritime_asymmetry=0.4604  colonial_extraction=1.4670  nuclear_convergence=4.1080  df_timing=0.1960  sov_ordering=0.0113  sov_recovery=0.0000  pop_ratio=2.0000  pop_inequality=0.0104  epi_correlation=0.0810
  Improvement vs baseline: 2.2702

Per-seed losses (best params):
  seed=17: total=27.5295  lattice_density=0.0299  reach_spread=0.1117  lattice_latitude=0.4959  reach_latitude=0.0000  lattice_shelf=0.0000  civ_gap=0.9470  peak_asymmetry=0.0000  edge_topology=0.0057  climate_crop=0.2145  yield_asymmetry=0.0006  industrial_convergence=0.0000  nav_weapons_coupling=0.0000  security_dilemma=0.0000  nuclear_emergence=0.0000  pu_gate=4.0000  supply_chain=0.0000  cu_tech_lead=0.0000  au_priority=2.5919  serial_horizon=4.0000  maritime_asymmetry=0.6944  colonial_extraction=1.4400  nuclear_convergence=10.0000  df_timing=0.9800  sov_ordering=0.0071  sov_recovery=0.0000  pop_ratio=2.0000  pop_inequality=0.0107  epi_correlation=0.0000
  seed=42: total=24.8694  lattice_density=0.0506  reach_spread=0.2659  lattice_latitude=0.0389  reach_latitude=1.9520  lattice_shelf=0.1479  civ_gap=0.9896  peak_asymmetry=0.0000  edge_topology=0.0580  climate_crop=0.4572  yield_asymmetry=0.0001  industrial_convergence=0.0000  nav_weapons_coupling=0.0000  security_dilemma=0.0000  nuclear_emergence=0.0000  pu_gate=8.0000  supply_chain=0.0000  cu_tech_lead=0.0000  au_priority=5.0000  serial_horizon=4.0000  maritime_asymmetry=0.2500  colonial_extraction=1.4400  nuclear_convergence=0.1800  df_timing=0.0000  sov_ordering=0.0154  sov_recovery=0.0000  pop_ratio=2.0000  pop_inequality=0.0238  epi_correlation=0.0000
  seed=97: total=24.1959  lattice_density=0.0000  reach_spread=0.3109  lattice_latitude=0.0000  reach_latitude=1.4634  lattice_shelf=0.0000  civ_gap=0.9889  peak_asymmetry=0.0000  edge_topology=0.0123  climate_crop=0.5320  yield_asymmetry=0.0033  industrial_convergence=0.0000  nav_weapons_coupling=0.0000  security_dilemma=0.0000  nuclear_emergence=0.0000  pu_gate=8.0000  supply_chain=0.0000  cu_tech_lead=0.0000  au_priority=5.0000  serial_horizon=4.0000  maritime_asymmetry=0.2500  colonial_extraction=1.4400  nuclear_convergence=0.1800  df_timing=0.0000  sov_ordering=0.0150  sov_recovery=0.0000  pop_ratio=2.0000  pop_inequality=0.0002  epi_correlation=0.0000
  seed=137: total=26.6310  lattice_density=0.0000  reach_spread=0.7632  lattice_latitude=2.8267  reach_latitude=0.0000  lattice_shelf=0.0816  civ_gap=0.5679  peak_asymmetry=0.0000  edge_topology=0.0303  climate_crop=0.2145  yield_asymmetry=0.0000  industrial_convergence=0.0000  nav_weapons_coupling=0.0000  security_dilemma=0.0000  nuclear_emergence=0.0000  pu_gate=4.0000  supply_chain=0.0000  cu_tech_lead=0.0000  au_priority=0.0000  serial_horizon=4.0000  maritime_asymmetry=0.6944  colonial_extraction=1.4400  nuclear_convergence=10.0000  df_timing=0.0000  sov_ordering=0.0074  sov_recovery=0.0000  pop_ratio=2.0000  pop_inequality=0.0049  epi_correlation=0.0000
  seed=256: total=22.5006  lattice_density=0.0000  reach_spread=0.5218  lattice_latitude=0.3406  reach_latitude=0.0000  lattice_shelf=0.0900  civ_gap=0.9972  peak_asymmetry=0.0000  edge_topology=0.0280  climate_crop=0.2667  yield_asymmetry=0.0000  industrial_convergence=0.0000  nav_weapons_coupling=0.0000  security_dilemma=0.0000  nuclear_emergence=0.0000  pu_gate=8.0000  supply_chain=0.0000  cu_tech_lead=0.0800  au_priority=3.5788  serial_horizon=4.0000  maritime_asymmetry=0.4133  colonial_extraction=1.5750  nuclear_convergence=0.1800  df_timing=0.0000  sov_ordering=0.0116  sov_recovery=0.0000  pop_ratio=2.0000  pop_inequality=0.0126  epi_correlation=0.4050

Convergence (best-so-far):
  trial   1: best_so_far=32.5667
  trial   5: best_so_far=30.1564
  trial  10: best_so_far=27.8873
  trial  20: best_so_far=26.9933
  trial  30: best_so_far=25.6796
  trial  50: best_so_far=25.6796

Best parameter values (vs defaults):
  antiquity_base_growth                best=  0.005343  default=  0.002000  delta=+0.003343 (+37% of range) <<<
  antiquity_lattice_pop_mult           best=  2.388531  default=  2.500000  delta=-0.111469 (-4% of range)
  serial_shock_base_min                best=  0.160047  default=  0.200000  delta=-0.039953 (-16% of range)
  serial_shock_base_range              best=  0.336426  default=  0.250000  delta=+0.086426 (+29% of range) <<<
  serial_trade_rate                    best=  0.000684  default=  0.000400  delta=+0.000284 (+32% of range) <<<
  reach_serial_base_mult               best=  1.377650  default=  1.300000  delta=+0.077650 (+5% of range)
  reach_serial_log_coeff               best=  0.390429  default=  0.300000  delta=+0.090429 (+18% of range)
  lattice_serial_base_mult             best=  3.083883  default=  1.900000  delta=+1.183883 (+51% of range) <<<
  lattice_serial_log_coeff             best=  0.272658  default=  0.120000  delta=+0.152658 (+57% of range) <<<
  extraction_base                      best=  0.118700  default=  0.150000  delta=-0.031300 (-10% of range)
  extraction_per_year                  best=  0.000175  default=  0.000100  delta=+0.000075 (+25% of range) <<<
  garrison_absorb_base                 best=  0.169278  default=  0.150000  delta=+0.019278 (+6% of range)
  reach_colony_surplus                 best=  0.231240  default=  0.120000  delta=+0.111240 (+56% of range) <<<
  lattice_garrison_bonus               best=  0.233392  default=  0.150000  delta=+0.083392 (+33% of range) <<<
  lattice_trib_bonus                   best=  0.024588  default=  0.080000  delta=-0.055412 (-31% of range) <<<
  reach_ind_tech_mult                  best=  0.163302  default=  0.120000  delta=+0.043302 (+21% of range) <<<
  reach_ind_pot_mult                   best=  0.266440  default=  0.140000  delta=+0.126440 (+49% of range) <<<
  reach_ind_log_coeff                  best=  0.064660  default=  0.140000  delta=-0.075340 (-30% of range) <<<
  reach_ind_tech_growth                best=  0.762630  default=  0.900000  delta=-0.137370 (-10% of range)
  lattice_ind_tech_mult                best=  0.132561  default=  0.060000  delta=+0.072561 (+56% of range) <<<
  lattice_ind_pot_mult                 best=  0.257117  default=  0.220000  delta=+0.037117 (+12% of range)
  lattice_ind_log_coeff                best=  0.195345  default=  0.100000  delta=+0.095345 (+56% of range) <<<
  lattice_ind_tech_growth              best=  0.746990  default=  0.600000  delta=+0.146990 (+13% of range)
  tech_floor_reach_ind                 best=  7.150015  default=  7.000000  delta=+0.150015 (+15% of range)
  tech_floor_lattice_ind               best=  6.764571  default=  6.500000  delta=+0.264571 (+26% of range) <<<
  reach_nuclear_pop_mult               best=  1.864332  default=  1.400000  delta=+0.464332 (+52% of range) <<<
  lattice_nuclear_pop_mult             best=  1.742860  default=  1.350000  delta=+0.392860 (+44% of range) <<<
  nuclear_access_colony                best=  0.468391  default=  0.700000  delta=-0.231609 (-46% of range) <<<
  nuclear_access_garrison              best=  0.483033  default=  0.500000  delta=-0.016967 (-3% of range)
  nuclear_access_independent           best=  0.238843  default=  0.300000  delta=-0.061157 (-15% of range)
  cu_serial_year_bonus                 best=374.269528  default=150.000000  delta=+224.269528 (+56% of range) <<<
  au_contact_year_bonus                best=246.328335  default= 80.000000  delta=+166.328335 (+67% of range) <<<
  pu_nuclear_tech_fraction             best=  0.603521  default=  0.600000  delta=+0.003521 (+1% of range)

GDScript constants (changed params, |Δ| > 5% of range):
  var antiquity_base_growth := 0.005343
  var serial_shock_base_min := 0.160047
  var serial_shock_base_range := 0.336426
  var serial_trade_rate := 0.000684
  var reach_serial_log_coeff := 0.390429
  var lattice_serial_base_mult := 3.083883
  var lattice_serial_log_coeff := 0.272658
  var extraction_base := 0.118700
  var extraction_per_year := 0.000175
  var garrison_absorb_base := 0.169278
  var reach_colony_surplus := 0.231240
  var lattice_garrison_bonus := 0.233392
  var lattice_trib_bonus := 0.024588
  var reach_ind_tech_mult := 0.163302
  var reach_ind_pot_mult := 0.266440
  var reach_ind_log_coeff := 0.064660
  var reach_ind_tech_growth := 0.762630
  var lattice_ind_tech_mult := 0.132561
  var lattice_ind_pot_mult := 0.257117
  var lattice_ind_log_coeff := 0.195345
  var lattice_ind_tech_growth := 0.746990
  var tech_floor_reach_ind := 7.150015
  var tech_floor_lattice_ind := 6.764571
  var reach_nuclear_pop_mult := 1.864332
  var lattice_nuclear_pop_mult := 1.742860
  var nuclear_access_colony := 0.468391
  var nuclear_access_independent := 0.238843
  var cu_serial_year_bonus := 374.269528
  var au_contact_year_bonus := 246.328335

